\BOOKMARK [1][-]{section.1}{\376\377\004\046\004\065\004\073\004\070\000\040\004\100\004\060\004\061\004\076\004\102\004\113}{}% 1
\BOOKMARK [1][-]{section.2}{\376\377\004\043\004\102\004\070\004\073\004\070\004\102\004\113\000\040\004\070\004\075\004\104\004\076\004\100\004\074\004\060\004\106\004\070\004\070\000\040\004\076\000\040\004\101\004\070\004\101\004\102\004\065\004\074\004\065\000\040\004\070\000\040\004\077\004\076\004\073\004\114\004\067\004\076\004\062\004\060\004\102\004\065\004\073\004\065}{}% 2
\BOOKMARK [2][-]{subsection.2.1}{\376\377\000d\000a\000t\000e}{section.2}% 3
\BOOKMARK [2][-]{subsection.2.2}{\376\377\000w\000h\000o}{section.2}% 4
\BOOKMARK [2][-]{subsection.2.3}{\376\377\000t\000t\000y}{section.2}% 5
\BOOKMARK [2][-]{subsection.2.4}{\376\377\000l\000o\000g\000n\000a\000m\000e}{section.2}% 6
\BOOKMARK [2][-]{subsection.2.5}{\376\377\000u\000n\000a\000m\000e}{section.2}% 7
\BOOKMARK [2][-]{subsection.2.6}{\376\377\000s\000l\000e\000e\000p}{section.2}% 8
\BOOKMARK [2][-]{subsection.2.7}{\376\377\000m\000a\000n}{section.2}% 9
\BOOKMARK [1][-]{section.3}{\376\377\004\043\004\102\004\070\004\073\004\070\004\102\004\113\000\040\004\100\004\060\004\061\004\076\004\102\004\113\000\040\004\101\000\040\004\104\004\060\004\071\004\073\004\060\004\074\004\070\000\040\000\050\004\072\004\060\004\102\004\060\004\073\004\076\004\063\004\060\004\074\004\070\000\051\000\040\004\070\000\040\004\077\004\100\004\076\004\106\004\065\004\101\004\101\004\060\004\074\004\070}{}% 10
\BOOKMARK [2][-]{subsection.3.1}{\376\377\000l\000s}{section.3}% 11
\BOOKMARK [2][-]{subsection.3.2}{\376\377\000c\000a\000t}{section.3}% 12
\BOOKMARK [2][-]{subsection.3.3}{\376\377\000m\000v}{section.3}% 13
\BOOKMARK [2][-]{subsection.3.4}{\376\377\000c\000p}{section.3}% 14
\BOOKMARK [2][-]{subsection.3.5}{\376\377\000r\000m}{section.3}% 15
\BOOKMARK [2][-]{subsection.3.6}{\376\377\000p\000w\000d}{section.3}% 16
\BOOKMARK [2][-]{subsection.3.7}{\376\377\000c\000d}{section.3}% 17
\BOOKMARK [2][-]{subsection.3.8}{\376\377\000m\000k\000d\000i\000r}{section.3}% 18
\BOOKMARK [2][-]{subsection.3.9}{\376\377\000p\000s}{section.3}% 19
\BOOKMARK [1][-]{section.4}{\376\377\004\043\004\102\004\070\004\073\004\070\004\102\004\113\000\040\004\104\004\070\004\073\004\114\004\102\004\100\004\060\004\106\004\070\004\070\000\040\004\070\000\040\004\076\004\061\004\100\004\060\004\061\004\076\004\102\004\072\004\070\000\040\004\102\004\065\004\072\004\101\004\102\004\060}{}% 20
\BOOKMARK [2][-]{subsection.4.1}{\376\377\000g\000r\000e\000p}{section.4}% 21
\BOOKMARK [2][-]{subsection.4.2}{\376\377\000c\000u\000t}{section.4}% 22
\BOOKMARK [2][-]{subsection.4.3}{\376\377\000t\000r}{section.4}% 23
\BOOKMARK [2][-]{subsection.4.4}{\376\377\000s\000o\000r\000t}{section.4}% 24
\BOOKMARK [2][-]{subsection.4.5}{\376\377\000u\000n\000i\000q}{section.4}% 25
\BOOKMARK [2][-]{subsection.4.6}{\376\377\000c\000m\000p}{section.4}% 26
\BOOKMARK [2][-]{subsection.4.7}{\376\377\000d\000i\000f\000f}{section.4}% 27
\BOOKMARK [1][-]{section.5}{\376\377\004\032\004\076\004\075\004\062\004\065\004\071\004\065\004\100\004\113}{}% 28
\BOOKMARK [2][-]{subsection.5.1}{\376\377\000|}{section.5}% 29
\BOOKMARK [2][-]{subsection.5.2}{\376\377\000|\000|}{section.5}% 30
\BOOKMARK [2][-]{subsection.5.3}{\376\377\000\046\000\046}{section.5}% 31
\BOOKMARK [1][-]{section.6}{\376\377\004\046\004\070\004\072\004\073\000\040\004\076\004\061\004\100\004\060\004\061\004\076\004\102\004\072\004\070\000\040\004\077\004\100\004\076\004\063\004\100\004\060\004\074\004\074}{}% 32
\BOOKMARK [2][-]{subsection.6.1}{\376\377\004\032\004\076\004\074\004\077\004\070\004\073\004\117\004\102\004\076\004\100\004\113\000\040\004\070\000\040\004\070\004\075\004\102\004\065\004\100\004\077\004\100\004\065\004\102\004\060\004\102\004\076\004\100\004\113\000\040\004\062\000\040\004\101\004\070\004\101\004\102\004\065\004\074\004\065}{section.6}% 33
\BOOKMARK [2][-]{subsection.6.2}{\376\377\000c\000c}{section.6}% 34
\BOOKMARK [1][-]{section.7}{\376\377\004\022\004\113\004\062\004\076\004\064\004\113}{}% 35
